<?xml version="1.0" encoding="UTF-8"?>
<!-- Generated by org.testng.reporters.JUnitReportReporter -->
<testsuite hostname="DESKTOP-J3TD01V" failures="0" tests="2" name="testng.Annatations" time="0.054" errors="0" timestamp="2024-09-11T13:56:59 IST" skipped="0">
  <testcase classname="testng.Annatations" name="search" time="0.039"/>
  <system-out/>
  <testcase classname="testng.Annatations" name="adv_search" time="0.015"/>
  <system-out/>
</testsuite> <!-- testng.Annatations -->
