<?xml version="1.0" encoding="UTF-8"?>
<!-- Generated by org.testng.reporters.JUnitReportReporter -->
<testsuite hostname="DESKTOP-J3TD01V" failures="0" tests="1" name="POM.Login_Test" time="1.894" errors="0" timestamp="2024-07-16T16:57:34 IST" skipped="0">
  <testcase classname="POM.Login_Test" name="testlogin" time="1.894"/>
  <system-out/>
</testsuite> <!-- POM.Login_Test -->
