<?xml version="1.0" encoding="UTF-8"?>
<!-- Generated by org.testng.reporters.JUnitReportReporter -->
<testsuite hostname="DESKTOP-J3TD01V" failures="0" tests="2" name="testng.All_Annations" time="0.014" errors="0" timestamp="2024-09-11T13:54:34 IST" skipped="0">
  <testcase classname="testng.All_Annations" name="tm1" time="0.009"/>
  <system-out/>
  <testcase classname="testng.All_Annations" name="tm2" time="0.005"/>
  <system-out/>
</testsuite> <!-- testng.All_Annations -->
