<?xml version="1.0" encoding="UTF-8"?>
<!-- Generated by org.testng.reporters.JUnitReportReporter -->
<testsuite hostname="DESKTOP-J3TD01V" failures="0" tests="4" name="testng.Second_class" time="6.335" errors="0" timestamp="2024-06-27T19:33:12 IST" skipped="0">
  <testcase classname="testng.Second_class" name="openapp" time="5.634"/>
  <system-out/>
  <testcase classname="testng.Second_class" name="testlogo" time="0.071"/>
  <system-out/>
  <testcase classname="testng.Second_class" name="login" time="0.276"/>
  <system-out/>
  <testcase classname="testng.Second_class" name="closeapp" time="0.354"/>
  <system-out/>
</testsuite> <!-- testng.Second_class -->
