<?xml version="1.0" encoding="UTF-8"?>
<!-- Generated by org.testng.reporters.JUnitReportReporter -->
<testsuite hostname="DESKTOP-J3TD01V" failures="0" tests="2" name="testng.Annoaion2_Demo" time="0.011" errors="0" timestamp="2024-06-30T14:39:08 IST" skipped="0">
  <testcase classname="testng.Annoaion2_Demo" name="search" time="0.009"/>
  <system-out/>
  <testcase classname="testng.Annoaion2_Demo" name="adv_search" time="0.002"/>
  <system-out/>
</testsuite> <!-- testng.Annoaion2_Demo -->
