<?xml version="1.0" encoding="UTF-8"?>
<!-- Generated by org.testng.reporters.JUnitReportReporter -->
<testsuite hostname="DESKTOP-J3TD01V" failures="0" tests="2" name="testng.pack.c1" time="0.012" errors="0" timestamp="2024-06-30T15:20:07 IST" skipped="0">
  <testcase classname="testng.pack.c1" name="abc" time="0.003"/>
  <system-out/>
  <testcase classname="testng.pack.c1" name="abc" time="0.009"/>
  <system-out/>
</testsuite> <!-- testng.pack.c1 -->
