<?xml version="1.0" encoding="UTF-8"?>
<!-- Generated by org.testng.reporters.JUnitReportReporter -->
<testsuite hostname="DESKTOP-J3TD01V" failures="0" tests="3" name="testng.First_Testcase" time="0.019" errors="0" timestamp="2024-06-27T19:33:12 IST" skipped="0">
  <testcase classname="testng.First_Testcase" name="openapp" time="0.014"/>
  <system-out/>
  <testcase classname="testng.First_Testcase" name="login" time="0.002"/>
  <system-out/>
  <testcase classname="testng.First_Testcase" name="logout" time="0.003"/>
  <system-out/>
</testsuite> <!-- testng.First_Testcase -->
