<?xml version="1.0" encoding="UTF-8"?>
<!-- Generated by org.testng.reporters.JUnitReportReporter -->
<testsuite hostname="DESKTOP-J3TD01V" failures="0" tests="3" name="testng.Sign_Up" time="0.024" errors="0" timestamp="2024-07-06T15:04:14 IST" skipped="0">
  <testcase classname="testng.Sign_Up" name="signupByEmail" time="0.014"/>
  <system-out/>
  <testcase classname="testng.Sign_Up" name="signupByFacebook" time="0.009"/>
  <system-out/>
  <testcase classname="testng.Sign_Up" name="signupByTwitter" time="0.001"/>
  <system-out/>
</testsuite> <!-- testng.Sign_Up -->
