<?xml version="1.0" encoding="UTF-8"?>
<!-- Generated by org.testng.reporters.JUnitReportReporter -->
<testsuite hostname="DESKTOP-J3TD01V" failures="0" tests="3" name="testng.Login" time="0.026" errors="0" timestamp="2024-07-06T15:07:02 IST" skipped="0">
  <testcase classname="testng.Login" name="loginByEmail" time="0.023"/>
  <system-out/>
  <testcase classname="testng.Login" name="loginByFacebook" time="0.001"/>
  <system-out/>
  <testcase classname="testng.Login" name="loginByTwitter" time="0.002"/>
  <system-out/>
</testsuite> <!-- testng.Login -->
