<?xml version="1.0" encoding="UTF-8"?>
<!-- Generated by org.testng.reporters.JUnitReportReporter -->
<testsuite hostname="DESKTOP-J3TD01V" failures="0" tests="2" name="testng.pack.C3" time="0.014" errors="0" timestamp="2024-06-30T15:20:07 IST" skipped="0">
  <testcase classname="testng.pack.C3" name="xyz" time="0.006"/>
  <system-out/>
  <testcase classname="testng.pack.C3" name="xyz" time="0.008"/>
  <system-out/>
</testsuite> <!-- testng.pack.C3 -->
