<?xml version="1.0" encoding="UTF-8"?>
<!-- Generated by org.testng.reporters.JUnitReportReporter -->
<testsuite hostname="DESKTOP-J3TD01V" failures="0" tests="9" name="Parameterization.ParamTest" time="3.756" errors="0" timestamp="2024-07-09T22:09:07 IST" skipped="0">
  <testcase classname="Parameterization.ParamTest" name="testlogo" time="1.432"/>
  <system-out/>
  <testcase classname="Parameterization.ParamTest" name="testlogo" time="1.063"/>
  <system-out/>
  <testcase classname="Parameterization.ParamTest" name="testlogo" time="0.884"/>
  <system-out/>
  <testcase classname="Parameterization.ParamTest" name="testTitle" time="0.052"/>
  <system-out/>
  <testcase classname="Parameterization.ParamTest" name="testTitle" time="0.056"/>
  <system-out/>
  <testcase classname="Parameterization.ParamTest" name="testTitle" time="0.125"/>
  <system-out/>
  <testcase classname="Parameterization.ParamTest" name="testurl" time="0.027"/>
  <system-out/>
  <testcase classname="Parameterization.ParamTest" name="testurl" time="0.018"/>
  <system-out/>
  <testcase classname="Parameterization.ParamTest" name="testurl" time="0.099"/>
  <system-out/>
</testsuite> <!-- Parameterization.ParamTest -->
