<?xml version="1.0" encoding="UTF-8"?>
<!-- Generated by org.testng.reporters.JUnitReportReporter -->
<testsuite hostname="DESKTOP-J3TD01V" failures="0" tests="2" name="testng.Payment" time="0.016" errors="0" timestamp="2024-07-06T16:11:47 IST" skipped="0">
  <testcase classname="testng.Payment" name="payinrupes" time="0.014"/>
  <system-out/>
  <testcase classname="testng.Payment" name="payindollars" time="0.002"/>
  <system-out/>
</testsuite> <!-- testng.Payment -->
