<?xml version="1.0" encoding="UTF-8"?>
<!-- Generated by org.testng.reporters.JUnitReportReporter -->
<testsuite hostname="DESKTOP-J3TD01V" failures="0" tests="1" name="testCases.TC0001_AccountRegstrationTest" time="2.875" errors="0" timestamp="2024-09-04T08:15:54 IST" skipped="0">
  <testcase classname="testCases.TC0001_AccountRegstrationTest" name="verify_account_registration" time="2.875"/>
</testsuite> <!-- testCases.TC0001_AccountRegstrationTest -->
