<?xml version="1.0" encoding="UTF-8"?>
<!-- Generated by org.testng.reporters.JUnitReportReporter -->
<testsuite hostname="DESKTOP-J3TD01V" failures="0" tests="1" name="testCases.TC0001_AccountRegstrationTest" time="2.582" errors="0" timestamp="2024-08-08T14:34:54 IST" skipped="0">
  <testcase classname="testCases.TC0001_AccountRegstrationTest" name="verify_account_registration" time="2.582"/>
</testsuite> <!-- testCases.TC0001_AccountRegstrationTest -->
